<?xml version="1.0" encoding="UTF-8"?>
<!-- Generated by org.testng.reporters.JUnitXMLReporter -->
<testsuite ignored="12" hostname="LAPTOP-EEAS1CV9" failures="2" tests="9" name="Test" time="63.576" errors="0" timestamp="16 Oct 2024 01:46:20 GMT">
  <testcase classname="com.OrangeHrm.TestScripts.SignUpTest" name="signUp" time="9.494"/>
  <testcase classname="com.OrangeHrm.TestScripts.LoginTest" name="login" time="2.955">
    <failure type="java.lang.AssertionError" message="Home page displayed expected [Demo Web Sho] but found [Demo Web Shop]">
      <![CDATA[java.lang.AssertionError: Home page displayed expected [Demo Web Sho] but found [Demo Web Shop]
at com.OrangeHrm.TestScripts.LoginTest.login(LoginTest.java:31)
... Removed 28 stack frames]]>
    </failure>
  </testcase> <!-- login -->
  <testcase classname="com.OrangeHrm.TestScripts.InvalidLoginTest" name="InvalidLoginIntoDemoWebShop" time="1.101"/>
  <testcase classname="com.OrangeHrm.TestScripts.InvalidLoginTest" name="InvalidLoginIntoDemoWebShop" time="1.419"/>
  <testcase classname="com.OrangeHrm.TestScripts.InvalidLoginTest" name="InvalidLoginIntoDemoWebShop" time="0.905"/>
  <testcase classname="com.OrangeHrm.TestScripts.InvalidLoginTest" name="InvalidLoginIntoDemoWebShop" time="1.031"/>
  <testcase classname="com.OrangeHrm.TestScripts.InvalidLoginTest" name="InvalidLoginIntoDemoWebShop" time="0.918"/>
  <testcase classname="com.OrangeHrm.TestScripts.InvalidLoginTest" name="InvalidLoginIntoDemoWebShop" time="0.991"/>
  <testcase classname="com.OrangeHrm.TestScripts.ProductCheckOutTest" name="checkOutTest" time="23.182">
    <failure type="org.openqa.selenium.NoSuchElementException" message="no such element: Unable to locate element: {&amp;quot;method&amp;quot;:&amp;quot;css selector&amp;quot;,&amp;quot;selector&amp;quot;:&amp;quot;#termsofservice&amp;quot;}
  (Session info: chrome=129.0.6668.90)
For documentation on this error, please visit: https://www.selenium.dev/documentation/webdriver/troubleshooting/errors#no-such-element-exception
Build info: version: &amp;apos;4.19.1&amp;apos;, revision: &amp;apos;abe0ee07dc&amp;apos;
System info: os.name: &amp;apos;Windows 11&amp;apos;, os.arch: &amp;apos;amd64&amp;apos;, os.version: &amp;apos;10.0&amp;apos;, java.version: &amp;apos;20.0.2&amp;apos;
Driver info: org.openqa.selenium.chrome.ChromeDriver
Command: [99825516a487b6a1fd0647b292e484bc, findElement {using=id, value=termsofservice}]
Capabilities {acceptInsecureCerts: false, browserName: chrome, browserVersion: 129.0.6668.90, chrome: {chromedriverVersion: 129.0.6668.100 (cf58cba358d..., userDataDir: C:\Users\AMANSI~1\AppData\L...}, fedcm:accounts: true, goog:chromeOptions: {debuggerAddress: localhost:63796}, networkConnectionEnabled: false, pageLoadStrategy: normal, platformName: windows, proxy: Proxy(), se:cdp: ws://localhost:63796/devtoo..., se:cdpVersion: 129.0.6668.90, setWindowRect: true, strictFileInteractability: false, timeouts: {implicit: 0, pageLoad: 300000, script: 30000}, unhandledPromptBehavior: dismiss and notify, webauthn:extension:credBlob: true, webauthn:extension:largeBlob: true, webauthn:extension:minPinLength: true, webauthn:extension:prf: true, webauthn:virtualAuthenticators: true}
Session ID: 99825516a487b6a1fd0647b292e484bc">
      <![CDATA[org.openqa.selenium.NoSuchElementException: no such element: Unable to locate element: {"method":"css selector","selector":"#termsofservice"}
  (Session info: chrome=129.0.6668.90)
For documentation on this error, please visit: https://www.selenium.dev/documentation/webdriver/troubleshooting/errors#no-such-element-exception
Build info: version: '4.19.1', revision: 'abe0ee07dc'
System info: os.name: 'Windows 11', os.arch: 'amd64', os.version: '10.0', java.version: '20.0.2'
Driver info: org.openqa.selenium.chrome.ChromeDriver
Command: [99825516a487b6a1fd0647b292e484bc, findElement {using=id, value=termsofservice}]
Capabilities {acceptInsecureCerts: false, browserName: chrome, browserVersion: 129.0.6668.90, chrome: {chromedriverVersion: 129.0.6668.100 (cf58cba358d..., userDataDir: C:\Users\AMANSI~1\AppData\L...}, fedcm:accounts: true, goog:chromeOptions: {debuggerAddress: localhost:63796}, networkConnectionEnabled: false, pageLoadStrategy: normal, platformName: windows, proxy: Proxy(), se:cdp: ws://localhost:63796/devtoo..., se:cdpVersion: 129.0.6668.90, setWindowRect: true, strictFileInteractability: false, timeouts: {implicit: 0, pageLoad: 300000, script: 30000}, unhandledPromptBehavior: dismiss and notify, webauthn:extension:credBlob: true, webauthn:extension:largeBlob: true, webauthn:extension:minPinLength: true, webauthn:extension:prf: true, webauthn:virtualAuthenticators: true}
Session ID: 99825516a487b6a1fd0647b292e484bc
at org.openqa.selenium.remote.ErrorCodec.decode(ErrorCodec.java:167)
at org.openqa.selenium.remote.codec.w3c.W3CHttpResponseCodec.decode(W3CHttpResponseCodec.java:138)
at org.openqa.selenium.remote.codec.w3c.W3CHttpResponseCodec.decode(W3CHttpResponseCodec.java:50)
at org.openqa.selenium.remote.HttpCommandExecutor.execute(HttpCommandExecutor.java:190)
at org.openqa.selenium.remote.service.DriverCommandExecutor.invokeExecute(DriverCommandExecutor.java:216)
at org.openqa.selenium.remote.service.DriverCommandExecutor.execute(DriverCommandExecutor.java:174)
at org.openqa.selenium.remote.RemoteWebDriver.execute(RemoteWebDriver.java:518)
at org.openqa.selenium.remote.ElementLocation$ElementFinder$2.findElement(ElementLocation.java:165)
at org.openqa.selenium.remote.ElementLocation.findElement(ElementLocation.java:59)
at org.openqa.selenium.remote.RemoteWebDriver.findElement(RemoteWebDriver.java:355)
at org.openqa.selenium.remote.RemoteWebDriver.findElement(RemoteWebDriver.java:349)
at org.openqa.selenium.support.pagefactory.DefaultElementLocator.findElement(DefaultElementLocator.java:68)
at org.openqa.selenium.support.pagefactory.internal.LocatingElementHandler.invoke(LocatingElementHandler.java:38)
at jdk.proxy2/jdk.proxy2.$Proxy21.click(Unknown Source)
at com.OrangeHrm.TestScripts.ProductCheckOutTest.checkOutTest(ProductCheckOutTest.java:39)
... Removed 26 stack frames]]>
    </failure>
  </testcase> <!-- checkOutTest -->
  <testcase classname="com.Orange.genericLib.BaseTest" name="@BeforeTest toConnectTheDatabase" time="0.0">
    <ignored/>
  </testcase> <!-- @BeforeTest toConnectTheDatabase -->
  <testcase classname="com.Orange.genericLib.BaseTest" name="@BeforeTest toConnectTheDatabase" time="0.0">
    <ignored/>
  </testcase> <!-- @BeforeTest toConnectTheDatabase -->
  <testcase classname="com.Orange.genericLib.BaseTest" name="@BeforeTest toConnectTheDatabase" time="0.0">
    <ignored/>
  </testcase> <!-- @BeforeTest toConnectTheDatabase -->
  <testcase classname="com.Orange.genericLib.BaseTest" name="@BeforeSuite toConnectTheServer" time="0.0">
    <ignored/>
  </testcase> <!-- @BeforeSuite toConnectTheServer -->
  <testcase classname="com.Orange.genericLib.BaseTest" name="@BeforeSuite toConnectTheServer" time="0.0">
    <ignored/>
  </testcase> <!-- @BeforeSuite toConnectTheServer -->
  <testcase classname="com.Orange.genericLib.BaseTest" name="@BeforeSuite toConnectTheServer" time="0.0">
    <ignored/>
  </testcase> <!-- @BeforeSuite toConnectTheServer -->
  <testcase classname="com.Orange.genericLib.BaseTest" name="@AfterTest toClosetheConnectionWithDataBase" time="0.0">
    <ignored/>
  </testcase> <!-- @AfterTest toClosetheConnectionWithDataBase -->
  <testcase classname="com.Orange.genericLib.BaseTest" name="@AfterTest toClosetheConnectionWithDataBase" time="0.0">
    <ignored/>
  </testcase> <!-- @AfterTest toClosetheConnectionWithDataBase -->
  <testcase classname="com.Orange.genericLib.BaseTest" name="@AfterTest toClosetheConnectionWithDataBase" time="0.0">
    <ignored/>
  </testcase> <!-- @AfterTest toClosetheConnectionWithDataBase -->
  <testcase classname="com.Orange.genericLib.BaseTest" name="@AfterSuite toClosetheConnectionWithServer" time="0.0">
    <ignored/>
  </testcase> <!-- @AfterSuite toClosetheConnectionWithServer -->
  <testcase classname="com.Orange.genericLib.BaseTest" name="@AfterSuite toClosetheConnectionWithServer" time="0.0">
    <ignored/>
  </testcase> <!-- @AfterSuite toClosetheConnectionWithServer -->
  <testcase classname="com.Orange.genericLib.BaseTest" name="@AfterSuite toClosetheConnectionWithServer" time="0.0">
    <ignored/>
  </testcase> <!-- @AfterSuite toClosetheConnectionWithServer -->
</testsuite> <!-- Test -->
