<?xml version="1.0" encoding="UTF-8"?>
<testng-results ignored="12" total="21" passed="7" failed="2" skipped="0">
  <reporter-output>
    <line>
      <![CDATA[===to connect the server===]]>
    </line>
    <line>
      <![CDATA[===to connect the database===]]>
    </line>
    <line>
      <![CDATA[===Launching chrome browser===]]>
    </line>
    <line>
      <![CDATA[close the browser]]>
    </line>
    <line>
      <![CDATA[===Launching chrome browser===]]>
    </line>
    <line>
      <![CDATA[Screenshot taken successfully]]>
    </line>
    <line>
      <![CDATA[close the browser]]>
    </line>
    <line>
      <![CDATA[===Launching chrome browser===]]>
    </line>
    <line>
      <![CDATA[close the browser]]>
    </line>
    <line>
      <![CDATA[===Launching chrome browser===]]>
    </line>
    <line>
      <![CDATA[Screenshot taken successfully]]>
    </line>
    <line>
      <![CDATA[close the browser]]>
    </line>
    <line>
      <![CDATA[===to close connection with database===]]>
    </line>
    <line>
      <![CDATA[===to close connection with Server===]]>
    </line>
  </reporter-output>
  <suite started-at="2024-10-16T01:45:16Z" name="Suite" finished-at="2024-10-16T01:46:20Z" duration-ms="63576">
    <groups>
      <group name="ST">
        <method signature="LoginTest.login()[pri:0, instance:com.OrangeHrm.TestScripts.LoginTest@5b6ec132]" name="login" class="com.OrangeHrm.TestScripts.LoginTest"/>
      </group> <!-- ST -->
      <group name="RT">
        <method signature="LoginTest.login()[pri:0, instance:com.OrangeHrm.TestScripts.LoginTest@5b6ec132]" name="login" class="com.OrangeHrm.TestScripts.LoginTest"/>
        <method signature="ProductCheckOutTest.checkOutTest()[pri:0, instance:com.OrangeHrm.TestScripts.ProductCheckOutTest@67d18ed7]" name="checkOutTest" class="com.OrangeHrm.TestScripts.ProductCheckOutTest"/>
      </group> <!-- RT -->
      <group name="IT">
        <method signature="SignUpTest.signUp()[pri:0, instance:com.OrangeHrm.TestScripts.SignUpTest@70f02c32]" name="signUp" class="com.OrangeHrm.TestScripts.SignUpTest"/>
      </group> <!-- IT -->
      <group name="FT">
        <method signature="InvalidLoginTest.InvalidLoginIntoDemoWebShop(java.lang.String, java.lang.String)[pri:0, instance:com.OrangeHrm.TestScripts.InvalidLoginTest@5c44c582]" name="InvalidLoginIntoDemoWebShop" class="com.OrangeHrm.TestScripts.InvalidLoginTest"/>
      </group> <!-- FT -->
    </groups>
    <test started-at="2024-10-16T01:45:16Z" name="Test" finished-at="2024-10-16T01:46:20Z" duration-ms="63576">
      <class name="com.OrangeHrm.TestScripts.InvalidLoginTest">
        <test-method is-config="true" signature="launchBrowser(java.lang.String)[pri:0, instance:com.OrangeHrm.TestScripts.InvalidLoginTest@5c44c582]" started-at="2024-10-16T01:45:40Z" name="launchBrowser" finished-at="2024-10-16T01:45:44Z" duration-ms="4659" status="PASS">
          <params>
            <param index="0">
              <value>
                <![CDATA[chrome]]>
              </value>
            </param>
          </params>
          <reporter-output>
            <line>
              <![CDATA[===Launching chrome browser===]]>
            </line>
          </reporter-output>
        </test-method> <!-- launchBrowser -->
        <test-method signature="InvalidLoginIntoDemoWebShop(java.lang.String, java.lang.String)[pri:0, instance:com.OrangeHrm.TestScripts.InvalidLoginTest@5c44c582]" started-at="2024-10-16T01:45:44Z" name="InvalidLoginIntoDemoWebShop" data-provider="TestData" finished-at="2024-10-16T01:45:46Z" duration-ms="1101" status="PASS">
          <params>
            <param index="0">
              <value>
                <![CDATA[Aman]]>
              </value>
            </param>
            <param index="1">
              <value>
                <![CDATA[Singh]]>
              </value>
            </param>
          </params>
          <reporter-output>
          </reporter-output>
        </test-method> <!-- InvalidLoginIntoDemoWebShop -->
        <test-method signature="InvalidLoginIntoDemoWebShop(java.lang.String, java.lang.String)[pri:0, instance:com.OrangeHrm.TestScripts.InvalidLoginTest@5c44c582]" started-at="2024-10-16T01:45:46Z" name="InvalidLoginIntoDemoWebShop" data-provider="TestData" finished-at="2024-10-16T01:45:47Z" duration-ms="1419" status="PASS">
          <params>
            <param index="0">
              <value>
                <![CDATA[Amanjdbcu]]>
              </value>
            </param>
            <param index="1">
              <value>
                <![CDATA[Singhjhdbcuv]]>
              </value>
            </param>
          </params>
          <reporter-output>
          </reporter-output>
        </test-method> <!-- InvalidLoginIntoDemoWebShop -->
        <test-method signature="InvalidLoginIntoDemoWebShop(java.lang.String, java.lang.String)[pri:0, instance:com.OrangeHrm.TestScripts.InvalidLoginTest@5c44c582]" started-at="2024-10-16T01:45:47Z" name="InvalidLoginIntoDemoWebShop" data-provider="TestData" finished-at="2024-10-16T01:45:48Z" duration-ms="905" status="PASS">
          <params>
            <param index="0">
              <value>
                <![CDATA[Amanijdcuid]]>
              </value>
            </param>
            <param index="1">
              <value>
                <![CDATA[Singhfhuyhguf]]>
              </value>
            </param>
          </params>
          <reporter-output>
          </reporter-output>
        </test-method> <!-- InvalidLoginIntoDemoWebShop -->
        <test-method signature="InvalidLoginIntoDemoWebShop(java.lang.String, java.lang.String)[pri:0, instance:com.OrangeHrm.TestScripts.InvalidLoginTest@5c44c582]" started-at="2024-10-16T01:45:48Z" name="InvalidLoginIntoDemoWebShop" data-provider="TestData" finished-at="2024-10-16T01:45:49Z" duration-ms="1031" status="PASS">
          <params>
            <param index="0">
              <value>
                <![CDATA[Amanuihiv]]>
              </value>
            </param>
            <param index="1">
              <value>
                <![CDATA[Singhufgcyt]]>
              </value>
            </param>
          </params>
          <reporter-output>
          </reporter-output>
        </test-method> <!-- InvalidLoginIntoDemoWebShop -->
        <test-method signature="InvalidLoginIntoDemoWebShop(java.lang.String, java.lang.String)[pri:0, instance:com.OrangeHrm.TestScripts.InvalidLoginTest@5c44c582]" started-at="2024-10-16T01:45:49Z" name="InvalidLoginIntoDemoWebShop" data-provider="TestData" finished-at="2024-10-16T01:45:50Z" duration-ms="918" status="PASS">
          <params>
            <param index="0">
              <value>
                <![CDATA[Amanjnuchd]]>
              </value>
            </param>
            <param index="1">
              <value>
                <![CDATA[Singhjnhjbdsuhfvyg]]>
              </value>
            </param>
          </params>
          <reporter-output>
          </reporter-output>
        </test-method> <!-- InvalidLoginIntoDemoWebShop -->
        <test-method signature="InvalidLoginIntoDemoWebShop(java.lang.String, java.lang.String)[pri:0, instance:com.OrangeHrm.TestScripts.InvalidLoginTest@5c44c582]" started-at="2024-10-16T01:45:50Z" name="InvalidLoginIntoDemoWebShop" data-provider="TestData" finished-at="2024-10-16T01:45:51Z" duration-ms="991" status="PASS">
          <params>
            <param index="0">
              <value>
                <![CDATA[Amahjdbcjhbdscnjnuchd]]>
              </value>
            </param>
            <param index="1">
              <value>
                <![CDATA[Singjhbdckdhhjnhjbdsuhfvyg]]>
              </value>
            </param>
          </params>
          <reporter-output>
          </reporter-output>
        </test-method> <!-- InvalidLoginIntoDemoWebShop -->
        <test-method is-config="true" signature="closeBrowser()[pri:0, instance:com.OrangeHrm.TestScripts.InvalidLoginTest@5c44c582]" started-at="2024-10-16T01:45:51Z" name="closeBrowser" finished-at="2024-10-16T01:45:51Z" duration-ms="267" status="PASS">
          <reporter-output>
            <line>
              <![CDATA[close the browser]]>
            </line>
          </reporter-output>
        </test-method> <!-- closeBrowser -->
      </class> <!-- com.OrangeHrm.TestScripts.InvalidLoginTest -->
      <class name="com.OrangeHrm.TestScripts.ProductCheckOutTest">
        <test-method is-config="true" signature="launchBrowser(java.lang.String)[pri:0, instance:com.OrangeHrm.TestScripts.ProductCheckOutTest@67d18ed7]" started-at="2024-10-16T01:45:51Z" name="launchBrowser" finished-at="2024-10-16T01:45:56Z" duration-ms="5200" status="PASS">
          <params>
            <param index="0">
              <value>
                <![CDATA[chrome]]>
              </value>
            </param>
          </params>
          <reporter-output>
            <line>
              <![CDATA[===Launching chrome browser===]]>
            </line>
          </reporter-output>
        </test-method> <!-- launchBrowser -->
        <test-method signature="checkOutTest()[pri:0, instance:com.OrangeHrm.TestScripts.ProductCheckOutTest@67d18ed7]" started-at="2024-10-16T01:45:56Z" name="checkOutTest" finished-at="2024-10-16T01:46:19Z" duration-ms="23182" status="FAIL">
          <exception class="org.openqa.selenium.NoSuchElementException">
            <message>
              <![CDATA[no such element: Unable to locate element: {"method":"css selector","selector":"#termsofservice"}
  (Session info: chrome=129.0.6668.90)
For documentation on this error, please visit: https://www.selenium.dev/documentation/webdriver/troubleshooting/errors#no-such-element-exception
Build info: version: '4.19.1', revision: 'abe0ee07dc'
System info: os.name: 'Windows 11', os.arch: 'amd64', os.version: '10.0', java.version: '20.0.2'
Driver info: org.openqa.selenium.chrome.ChromeDriver
Command: [99825516a487b6a1fd0647b292e484bc, findElement {using=id, value=termsofservice}]
Capabilities {acceptInsecureCerts: false, browserName: chrome, browserVersion: 129.0.6668.90, chrome: {chromedriverVersion: 129.0.6668.100 (cf58cba358d..., userDataDir: C:\Users\AMANSI~1\AppData\L...}, fedcm:accounts: true, goog:chromeOptions: {debuggerAddress: localhost:63796}, networkConnectionEnabled: false, pageLoadStrategy: normal, platformName: windows, proxy: Proxy(), se:cdp: ws://localhost:63796/devtoo..., se:cdpVersion: 129.0.6668.90, setWindowRect: true, strictFileInteractability: false, timeouts: {implicit: 0, pageLoad: 300000, script: 30000}, unhandledPromptBehavior: dismiss and notify, webauthn:extension:credBlob: true, webauthn:extension:largeBlob: true, webauthn:extension:minPinLength: true, webauthn:extension:prf: true, webauthn:virtualAuthenticators: true}
Session ID: 99825516a487b6a1fd0647b292e484bc]]>
            </message>
            <full-stacktrace>
              <![CDATA[org.openqa.selenium.NoSuchElementException: no such element: Unable to locate element: {"method":"css selector","selector":"#termsofservice"}
  (Session info: chrome=129.0.6668.90)
For documentation on this error, please visit: https://www.selenium.dev/documentation/webdriver/troubleshooting/errors#no-such-element-exception
Build info: version: '4.19.1', revision: 'abe0ee07dc'
System info: os.name: 'Windows 11', os.arch: 'amd64', os.version: '10.0', java.version: '20.0.2'
Driver info: org.openqa.selenium.chrome.ChromeDriver
Command: [99825516a487b6a1fd0647b292e484bc, findElement {using=id, value=termsofservice}]
Capabilities {acceptInsecureCerts: false, browserName: chrome, browserVersion: 129.0.6668.90, chrome: {chromedriverVersion: 129.0.6668.100 (cf58cba358d..., userDataDir: C:\Users\AMANSI~1\AppData\L...}, fedcm:accounts: true, goog:chromeOptions: {debuggerAddress: localhost:63796}, networkConnectionEnabled: false, pageLoadStrategy: normal, platformName: windows, proxy: Proxy(), se:cdp: ws://localhost:63796/devtoo..., se:cdpVersion: 129.0.6668.90, setWindowRect: true, strictFileInteractability: false, timeouts: {implicit: 0, pageLoad: 300000, script: 30000}, unhandledPromptBehavior: dismiss and notify, webauthn:extension:credBlob: true, webauthn:extension:largeBlob: true, webauthn:extension:minPinLength: true, webauthn:extension:prf: true, webauthn:virtualAuthenticators: true}
Session ID: 99825516a487b6a1fd0647b292e484bc
at java.base/jdk.internal.reflect.DirectConstructorHandleAccessor.newInstance(DirectConstructorHandleAccessor.java:67)
at java.base/java.lang.reflect.Constructor.newInstanceWithCaller(Constructor.java:500)
at java.base/java.lang.reflect.Constructor.newInstance(Constructor.java:484)
at org.openqa.selenium.remote.ErrorCodec.decode(ErrorCodec.java:167)
at org.openqa.selenium.remote.codec.w3c.W3CHttpResponseCodec.decode(W3CHttpResponseCodec.java:138)
at org.openqa.selenium.remote.codec.w3c.W3CHttpResponseCodec.decode(W3CHttpResponseCodec.java:50)
at org.openqa.selenium.remote.HttpCommandExecutor.execute(HttpCommandExecutor.java:190)
at org.openqa.selenium.remote.service.DriverCommandExecutor.invokeExecute(DriverCommandExecutor.java:216)
at org.openqa.selenium.remote.service.DriverCommandExecutor.execute(DriverCommandExecutor.java:174)
at org.openqa.selenium.remote.RemoteWebDriver.execute(RemoteWebDriver.java:518)
at org.openqa.selenium.remote.ElementLocation$ElementFinder$2.findElement(ElementLocation.java:165)
at org.openqa.selenium.remote.ElementLocation.findElement(ElementLocation.java:59)
at org.openqa.selenium.remote.RemoteWebDriver.findElement(RemoteWebDriver.java:355)
at org.openqa.selenium.remote.RemoteWebDriver.findElement(RemoteWebDriver.java:349)
at org.openqa.selenium.support.pagefactory.DefaultElementLocator.findElement(DefaultElementLocator.java:68)
at org.openqa.selenium.support.pagefactory.internal.LocatingElementHandler.invoke(LocatingElementHandler.java:38)
at jdk.proxy2/jdk.proxy2.$Proxy21.click(Unknown Source)
at com.OrangeHrm.TestScripts.ProductCheckOutTest.checkOutTest(ProductCheckOutTest.java:39)
at java.base/jdk.internal.reflect.DirectMethodHandleAccessor.invoke(DirectMethodHandleAccessor.java:104)
at java.base/java.lang.reflect.Method.invoke(Method.java:578)
at org.testng.internal.MethodInvocationHelper.invokeMethod(MethodInvocationHelper.java:124)
at org.testng.internal.Invoker.invokeMethod(Invoker.java:583)
at org.testng.internal.Invoker.invokeTestMethod(Invoker.java:719)
at org.testng.internal.Invoker.invokeTestMethods(Invoker.java:989)
at org.testng.internal.TestMethodWorker.invokeTestMethods(TestMethodWorker.java:125)
at org.testng.internal.TestMethodWorker.run(TestMethodWorker.java:109)
at org.testng.TestRunner.privateRun(TestRunner.java:648)
at org.testng.TestRunner.run(TestRunner.java:505)
at org.testng.SuiteRunner.runTest(SuiteRunner.java:455)
at org.testng.SuiteRunner.runSequentially(SuiteRunner.java:450)
at org.testng.SuiteRunner.privateRun(SuiteRunner.java:415)
at org.testng.SuiteRunner.run(SuiteRunner.java:364)
at org.testng.SuiteRunnerWorker.runSuite(SuiteRunnerWorker.java:52)
at org.testng.SuiteRunnerWorker.run(SuiteRunnerWorker.java:84)
at org.testng.TestNG.runSuitesSequentially(TestNG.java:1208)
at org.testng.TestNG.runSuitesLocally(TestNG.java:1137)
at org.testng.TestNG.runSuites(TestNG.java:1049)
at org.testng.TestNG.run(TestNG.java:1017)
at org.testng.remote.AbstractRemoteTestNG.run(AbstractRemoteTestNG.java:115)
at org.testng.remote.RemoteTestNG.initAndRun(RemoteTestNG.java:293)
at org.testng.remote.RemoteTestNG.main(RemoteTestNG.java:91)
]]>
            </full-stacktrace>
          </exception> <!-- org.openqa.selenium.NoSuchElementException -->
          <reporter-output>
            <line>
              <![CDATA[Screenshot taken successfully]]>
            </line>
          </reporter-output>
        </test-method> <!-- checkOutTest -->
        <test-method is-config="true" signature="closeBrowser()[pri:0, instance:com.OrangeHrm.TestScripts.ProductCheckOutTest@67d18ed7]" started-at="2024-10-16T01:46:20Z" name="closeBrowser" finished-at="2024-10-16T01:46:20Z" duration-ms="379" status="PASS">
          <reporter-output>
            <line>
              <![CDATA[close the browser]]>
            </line>
          </reporter-output>
        </test-method> <!-- closeBrowser -->
      </class> <!-- com.OrangeHrm.TestScripts.ProductCheckOutTest -->
      <class name="com.OrangeHrm.TestScripts.LoginTest">
        <test-method is-config="true" signature="launchBrowser(java.lang.String)[pri:0, instance:com.OrangeHrm.TestScripts.LoginTest@5b6ec132]" started-at="2024-10-16T01:45:32Z" name="launchBrowser" finished-at="2024-10-16T01:45:36Z" duration-ms="4685" status="PASS">
          <params>
            <param index="0">
              <value>
                <![CDATA[chrome]]>
              </value>
            </param>
          </params>
          <reporter-output>
            <line>
              <![CDATA[===Launching chrome browser===]]>
            </line>
          </reporter-output>
        </test-method> <!-- launchBrowser -->
        <test-method signature="login()[pri:0, instance:com.OrangeHrm.TestScripts.LoginTest@5b6ec132]" started-at="2024-10-16T01:45:36Z" name="login" description="Verify the user is able to login or not" finished-at="2024-10-16T01:45:39Z" duration-ms="2955" status="FAIL">
          <exception class="java.lang.AssertionError">
            <message>
              <![CDATA[Home page displayed expected [Demo Web Sho] but found [Demo Web Shop]]]>
            </message>
            <full-stacktrace>
              <![CDATA[java.lang.AssertionError: Home page displayed expected [Demo Web Sho] but found [Demo Web Shop]
at org.testng.Assert.fail(Assert.java:96)
at org.testng.Assert.failNotEquals(Assert.java:776)
at org.testng.Assert.assertEqualsImpl(Assert.java:137)
at org.testng.Assert.assertEquals(Assert.java:118)
at org.testng.Assert.assertEquals(Assert.java:453)
at com.OrangeHrm.TestScripts.LoginTest.login(LoginTest.java:31)
at java.base/jdk.internal.reflect.DirectMethodHandleAccessor.invoke(DirectMethodHandleAccessor.java:104)
at java.base/java.lang.reflect.Method.invoke(Method.java:578)
at org.testng.internal.MethodInvocationHelper.invokeMethod(MethodInvocationHelper.java:124)
at org.testng.internal.Invoker.invokeMethod(Invoker.java:583)
at org.testng.internal.Invoker.invokeTestMethod(Invoker.java:719)
at org.testng.internal.Invoker.invokeTestMethods(Invoker.java:989)
at org.testng.internal.TestMethodWorker.invokeTestMethods(TestMethodWorker.java:125)
at org.testng.internal.TestMethodWorker.run(TestMethodWorker.java:109)
at org.testng.TestRunner.privateRun(TestRunner.java:648)
at org.testng.TestRunner.run(TestRunner.java:505)
at org.testng.SuiteRunner.runTest(SuiteRunner.java:455)
at org.testng.SuiteRunner.runSequentially(SuiteRunner.java:450)
at org.testng.SuiteRunner.privateRun(SuiteRunner.java:415)
at org.testng.SuiteRunner.run(SuiteRunner.java:364)
at org.testng.SuiteRunnerWorker.runSuite(SuiteRunnerWorker.java:52)
at org.testng.SuiteRunnerWorker.run(SuiteRunnerWorker.java:84)
at org.testng.TestNG.runSuitesSequentially(TestNG.java:1208)
at org.testng.TestNG.runSuitesLocally(TestNG.java:1137)
at org.testng.TestNG.runSuites(TestNG.java:1049)
at org.testng.TestNG.run(TestNG.java:1017)
at org.testng.remote.AbstractRemoteTestNG.run(AbstractRemoteTestNG.java:115)
at org.testng.remote.RemoteTestNG.initAndRun(RemoteTestNG.java:293)
at org.testng.remote.RemoteTestNG.main(RemoteTestNG.java:91)
]]>
            </full-stacktrace>
          </exception> <!-- java.lang.AssertionError -->
          <reporter-output>
            <line>
              <![CDATA[Screenshot taken successfully]]>
            </line>
          </reporter-output>
        </test-method> <!-- login -->
        <test-method is-config="true" signature="closeBrowser()[pri:0, instance:com.OrangeHrm.TestScripts.LoginTest@5b6ec132]" started-at="2024-10-16T01:45:39Z" name="closeBrowser" finished-at="2024-10-16T01:45:40Z" duration-ms="266" status="PASS">
          <reporter-output>
            <line>
              <![CDATA[close the browser]]>
            </line>
          </reporter-output>
        </test-method> <!-- closeBrowser -->
      </class> <!-- com.OrangeHrm.TestScripts.LoginTest -->
      <class name="com.OrangeHrm.TestScripts.SignUpTest">
        <test-method is-config="true" signature="toConnectTheServer()[pri:0, instance:com.OrangeHrm.TestScripts.SignUpTest@70f02c32]" started-at="2024-10-16T01:45:16Z" name="toConnectTheServer" finished-at="2024-10-16T01:45:16Z" duration-ms="27" status="PASS">
          <reporter-output>
            <line>
              <![CDATA[===to connect the server===]]>
            </line>
          </reporter-output>
        </test-method> <!-- toConnectTheServer -->
        <test-method is-config="true" signature="toConnectTheDatabase()[pri:0, instance:com.OrangeHrm.TestScripts.SignUpTest@70f02c32]" started-at="2024-10-16T01:45:16Z" name="toConnectTheDatabase" finished-at="2024-10-16T01:45:16Z" duration-ms="1" status="PASS">
          <reporter-output>
            <line>
              <![CDATA[===to connect the database===]]>
            </line>
          </reporter-output>
        </test-method> <!-- toConnectTheDatabase -->
        <test-method is-config="true" signature="launchBrowser(java.lang.String)[pri:0, instance:com.OrangeHrm.TestScripts.SignUpTest@70f02c32]" started-at="2024-10-16T01:45:16Z" name="launchBrowser" finished-at="2024-10-16T01:45:22Z" duration-ms="5232" status="PASS">
          <params>
            <param index="0">
              <value>
                <![CDATA[chrome]]>
              </value>
            </param>
          </params>
          <reporter-output>
            <line>
              <![CDATA[===Launching chrome browser===]]>
            </line>
          </reporter-output>
        </test-method> <!-- launchBrowser -->
        <test-method signature="signUp()[pri:0, instance:com.OrangeHrm.TestScripts.SignUpTest@70f02c32]" started-at="2024-10-16T01:45:22Z" name="signUp" description="verify the user is able to register or not" finished-at="2024-10-16T01:45:31Z" duration-ms="9494" status="PASS">
          <reporter-output>
          </reporter-output>
        </test-method> <!-- signUp -->
        <test-method is-config="true" signature="closeBrowser()[pri:0, instance:com.OrangeHrm.TestScripts.SignUpTest@70f02c32]" started-at="2024-10-16T01:45:31Z" name="closeBrowser" finished-at="2024-10-16T01:45:32Z" duration-ms="400" status="PASS">
          <reporter-output>
            <line>
              <![CDATA[close the browser]]>
            </line>
          </reporter-output>
        </test-method> <!-- closeBrowser -->
        <test-method is-config="true" signature="toClosetheConnectionWithDataBase()[pri:0, instance:com.OrangeHrm.TestScripts.SignUpTest@70f02c32]" started-at="2024-10-16T01:46:20Z" name="toClosetheConnectionWithDataBase" finished-at="2024-10-16T01:46:20Z" duration-ms="0" status="PASS">
          <reporter-output>
            <line>
              <![CDATA[===to close connection with database===]]>
            </line>
          </reporter-output>
        </test-method> <!-- toClosetheConnectionWithDataBase -->
        <test-method is-config="true" signature="toClosetheConnectionWithServer()[pri:0, instance:com.OrangeHrm.TestScripts.SignUpTest@70f02c32]" started-at="2024-10-16T01:46:20Z" name="toClosetheConnectionWithServer" finished-at="2024-10-16T01:46:20Z" duration-ms="0" status="PASS">
          <reporter-output>
            <line>
              <![CDATA[===to close connection with Server===]]>
            </line>
          </reporter-output>
        </test-method> <!-- toClosetheConnectionWithServer -->
      </class> <!-- com.OrangeHrm.TestScripts.SignUpTest -->
    </test> <!-- Test -->
  </suite> <!-- Suite -->
</testng-results>
